<?xml version="1.0" encoding="UTF-8"?>
<testsuite xmlns:xsi="http://www.w3.org/2001/XMLSchema-instance" xsi:noNamespaceSchemaLocation="https://maven.apache.org/surefire/maven-surefire-plugin/xsd/surefire-test-report-3.0.xsd" version="3.0" name="TestSuite" time="11.393" tests="67" errors="0" skipped="9" failures="0">
  <properties>
[...]
</properties>
  <testcase name="testMasterElementOneChildElementSizeBasedTermination on testMasterElementOneChildElementSizeBasedTermination(com.amazonaws.kinesisvideo.parser.ebml.EBMLParserTest)" classname="com.amazonaws.kinesisvideo.parser.ebml.EBMLParserTest" time="0.196"/>
  <testcase name="testWithMultipleMasterElementsAndChildElements on testWithMultipleMasterElementsAndChildElements(com.amazonaws.kinesisvideo.parser.ebml.EBMLParserTest)" classname="com.amazonaws.kinesisvideo.parser.ebml.EBMLParserTest" time="0.0"/>
  <testcase name="testEBMLElementInThreeSteps on testEBMLElementInThreeSteps(com.amazonaws.kinesisvideo.parser.ebml.EBMLParserTest)" classname="com.amazonaws.kinesisvideo.parser.ebml.EBMLParserTest" time="0.0"/>
  <testcase name="testMasterElementWithUnknownLengthAndEndOfStream on testMasterElementWithUnknownLengthAndEndOfStream(com.amazonaws.kinesisvideo.parser.ebml.EBMLParserTest)" classname="com.amazonaws.kinesisvideo.parser.ebml.EBMLParserTest" time="0.0"/>
  <testcase name="testEBMLElementInOneStep on testEBMLElementInOneStep(com.amazonaws.kinesisvideo.parser.ebml.EBMLParserTest)" classname="com.amazonaws.kinesisvideo.parser.ebml.EBMLParserTest" time="0.0"/>
  <testcase name="testMasterElementOneChildElementUnknownLength on testMasterElementOneChildElementUnknownLength(com.amazonaws.kinesisvideo.parser.ebml.EBMLParserTest)" classname="com.amazonaws.kinesisvideo.parser.ebml.EBMLParserTest" time="0.0"/>
  <testcase name="testMasterElementOneChildElementUnknownLengthMultipleChunks on testMasterElementOneChildElementUnknownLengthMultipleChunks(com.amazonaws.kinesisvideo.parser.ebml.EBMLParserTest)" classname="com.amazonaws.kinesisvideo.parser.ebml.EBMLParserTest" time="0.0"/>
  <testcase name="testMasterElementOneChildElementSizeBasedTerminationMultipleChunks on testMasterElementOneChildElementSizeBasedTerminationMultipleChunks(com.amazonaws.kinesisvideo.parser.ebml.EBMLParserTest)" classname="com.amazonaws.kinesisvideo.parser.ebml.EBMLParserTest" time="0.0"/>
  <testcase name="unknownElementsTest on unknownElementsTest(com.amazonaws.kinesisvideo.parser.ebml.EBMLParserTest)" classname="com.amazonaws.kinesisvideo.parser.ebml.EBMLParserTest" time="0.0"/>
  <testcase name="testInputStreamReturningEoF on testInputStreamReturningEoF(com.amazonaws.kinesisvideo.parser.ebml.EBMLParserTest)" classname="com.amazonaws.kinesisvideo.parser.ebml.EBMLParserTest" time="0.0"/>
  <testcase name="testExample on testExample(com.amazonaws.kinesisvideo.parser.examples.KinesisVideoRekognitionIntegrationExampleTest)" classname="com.amazonaws.kinesisvideo.parser.examples.KinesisVideoRekognitionIntegrationExampleTest" time="0.0">
    <skipped/>
  </testcase>
  <testcase name="testDifferentResolution on testDifferentResolution(com.amazonaws.kinesisvideo.parser.examples.KinesisVideoRendererExampleTest)" classname="com.amazonaws.kinesisvideo.parser.examples.KinesisVideoRendererExampleTest" time="0.0">
    <skipped/>
  </testcase>
  <testcase name="testExample on testExample(com.amazonaws.kinesisvideo.parser.examples.KinesisVideoRendererExampleTest)" classname="com.amazonaws.kinesisvideo.parser.examples.KinesisVideoRendererExampleTest" time="0.0">
    <skipped/>
  </testcase>
  <testcase name="testConsumerExample on testConsumerExample(com.amazonaws.kinesisvideo.parser.examples.KinesisVideoRendererExampleTest)" classname="com.amazonaws.kinesisvideo.parser.examples.KinesisVideoRendererExampleTest" time="0.0">
    <skipped/>
  </testcase>
  <testcase name="integerTest on integerTest(com.amazonaws.kinesisvideo.parser.mkv.MkvValueTest)" classname="com.amazonaws.kinesisvideo.parser.mkv.MkvValueTest" time="0.001"/>
  <testcase name="byteBufferTest on byteBufferTest(com.amazonaws.kinesisvideo.parser.mkv.MkvValueTest)" classname="com.amazonaws.kinesisvideo.parser.mkv.MkvValueTest" time="0.0"/>
  <testcase name="testExample on testExample(com.amazonaws.kinesisvideo.parser.examples.KinesisVideoExampleTest)" classname="com.amazonaws.kinesisvideo.parser.examples.KinesisVideoExampleTest" time="0.0">
    <skipped/>
  </testcase>
  <testcase name="testConsumerExample on testConsumerExample(com.amazonaws.kinesisvideo.parser.examples.KinesisVideoExampleTest)" classname="com.amazonaws.kinesisvideo.parser.examples.KinesisVideoExampleTest" time="0.0">
    <skipped/>
  </testcase>
  <testcase name="testForAudioFrames on testForAudioFrames(com.amazonaws.kinesisvideo.parser.utilities.FrameVisitorTest)" classname="com.amazonaws.kinesisvideo.parser.utilities.FrameVisitorTest" time="0.06"/>
  <testcase name="testWithMkvVideo on testWithMkvVideo(com.amazonaws.kinesisvideo.parser.utilities.FrameVisitorTest)" classname="com.amazonaws.kinesisvideo.parser.utilities.FrameVisitorTest" time="0.029"/>
  <testcase name="testForVideoFrames on testForVideoFrames(com.amazonaws.kinesisvideo.parser.utilities.FrameVisitorTest)" classname="com.amazonaws.kinesisvideo.parser.utilities.FrameVisitorTest" time="0.028"/>
  <testcase name="readUnsignedIntegerSevenBytesOrLessTwoBytes on readUnsignedIntegerSevenBytesOrLessTwoBytes(com.amazonaws.kinesisvideo.parser.ebml.EBMLUtilsTest)" classname="com.amazonaws.kinesisvideo.parser.ebml.EBMLUtilsTest" time="0.0"/>
  <testcase name="readUnsignedInteger on readUnsignedInteger(com.amazonaws.kinesisvideo.parser.ebml.EBMLUtilsTest)" classname="com.amazonaws.kinesisvideo.parser.ebml.EBMLUtilsTest" time="0.002">
    <system-out><![CDATA[fbb4f85f168dc4fa
]]></system-out>
  </testcase>
  <testcase name="readPositiveSignedInteger1byte on readPositiveSignedInteger1byte(com.amazonaws.kinesisvideo.parser.ebml.EBMLUtilsTest)" classname="com.amazonaws.kinesisvideo.parser.ebml.EBMLUtilsTest" time="0.0"/>
  <testcase name="readSignedInteger1byte on readSignedInteger1byte(com.amazonaws.kinesisvideo.parser.ebml.EBMLUtilsTest)" classname="com.amazonaws.kinesisvideo.parser.ebml.EBMLUtilsTest" time="0.0"/>
  <testcase name="readSignedInteger2bytes on readSignedInteger2bytes(com.amazonaws.kinesisvideo.parser.ebml.EBMLUtilsTest)" classname="com.amazonaws.kinesisvideo.parser.ebml.EBMLUtilsTest" time="0.0"/>
  <testcase name="readSignedInteger7bytes on readSignedInteger7bytes(com.amazonaws.kinesisvideo.parser.ebml.EBMLUtilsTest)" classname="com.amazonaws.kinesisvideo.parser.ebml.EBMLUtilsTest" time="0.0"/>
  <testcase name="readSignedInteger8bytes on readSignedInteger8bytes(com.amazonaws.kinesisvideo.parser.ebml.EBMLUtilsTest)" classname="com.amazonaws.kinesisvideo.parser.ebml.EBMLUtilsTest" time="0.0"/>
  <testcase name="frameDecodeCountTest on frameDecodeCountTest(com.amazonaws.kinesisvideo.parser.utilities.H264FrameDecoderTest)" classname="com.amazonaws.kinesisvideo.parser.utilities.H264FrameDecoderTest" time="2.507"/>
  <testcase name="frameDecodeForDifferentResolution on frameDecodeForDifferentResolution(com.amazonaws.kinesisvideo.parser.utilities.H264FrameDecoderTest)" classname="com.amazonaws.kinesisvideo.parser.utilities.H264FrameDecoderTest" time="3.016"/>
  <testcase name="testGStreamerFileSinkWithFactory on testGStreamerFileSinkWithFactory(com.amazonaws.kinesisvideo.parser.utilities.consumer.MergedOutputPiperTest)" classname="com.amazonaws.kinesisvideo.parser.utilities.consumer.MergedOutputPiperTest" time="0.002"/>
  <testcase name="testBasic on testBasic(com.amazonaws.kinesisvideo.parser.utilities.consumer.MergedOutputPiperTest)" classname="com.amazonaws.kinesisvideo.parser.utilities.consumer.MergedOutputPiperTest" time="0.042"/>
  <testcase name="testBasicNonIncreasingTimecode on testBasicNonIncreasingTimecode(com.amazonaws.kinesisvideo.parser.utilities.consumer.MergedOutputPiperTest)" classname="com.amazonaws.kinesisvideo.parser.utilities.consumer.MergedOutputPiperTest" time="0.018"/>
  <testcase name="testGStreamerFileSink on testGStreamerFileSink(com.amazonaws.kinesisvideo.parser.utilities.consumer.MergedOutputPiperTest)" classname="com.amazonaws.kinesisvideo.parser.utilities.consumer.MergedOutputPiperTest" time="0.0"/>
  <testcase name="testGStreamerVideoSink on testGStreamerVideoSink(com.amazonaws.kinesisvideo.parser.utilities.consumer.MergedOutputPiperTest)" classname="com.amazonaws.kinesisvideo.parser.utilities.consumer.MergedOutputPiperTest" time="0.0">
    <skipped/>
  </testcase>
  <testcase name="testExample on testExample(com.amazonaws.kinesisvideo.parser.examples.KinesisVideoGStreamerPiperExampleTest)" classname="com.amazonaws.kinesisvideo.parser.examples.KinesisVideoGStreamerPiperExampleTest" time="0.0">
    <skipped/>
  </testcase>
  <testcase name="testTwoCopiesAtOnceGetMediaOutput on testTwoCopiesAtOnceGetMediaOutput(com.amazonaws.kinesisvideo.parser.mkv.visitors.CopyVisitorTest)" classname="com.amazonaws.kinesisvideo.parser.mkv.visitors.CopyVisitorTest" time="0.019"/>
  <testcase name="testTwoCopiesAtOnce on testTwoCopiesAtOnce(com.amazonaws.kinesisvideo.parser.mkv.visitors.CopyVisitorTest)" classname="com.amazonaws.kinesisvideo.parser.mkv.visitors.CopyVisitorTest" time="0.011"/>
  <testcase name="testOneCopy on testOneCopy(com.amazonaws.kinesisvideo.parser.mkv.visitors.CopyVisitorTest)" classname="com.amazonaws.kinesisvideo.parser.mkv.visitors.CopyVisitorTest" time="0.013"/>
  <testcase name="testOneCopyGetMediaOutput on testOneCopyGetMediaOutput(com.amazonaws.kinesisvideo.parser.mkv.visitors.CopyVisitorTest)" classname="com.amazonaws.kinesisvideo.parser.mkv.visitors.CopyVisitorTest" time="0.014"/>
  <testcase name="frameCountTest on frameCountTest(com.amazonaws.kinesisvideo.parser.utilities.FrameRendererTest)" classname="com.amazonaws.kinesisvideo.parser.utilities.FrameRendererTest" time="3.167"/>
  <testcase name="frameCountTest2 on frameCountTest2(com.amazonaws.kinesisvideo.parser.utilities.FrameRendererTest)" classname="com.amazonaws.kinesisvideo.parser.utilities.FrameRendererTest" time="1.587"/>
  <testcase name="testClustersMkv on testClustersMkv(com.amazonaws.kinesisvideo.parser.mkv.EBMLParserForMkvTypeInfosTest)" classname="com.amazonaws.kinesisvideo.parser.mkv.EBMLParserForMkvTypeInfosTest" time="0.008"/>
  <testcase name="testGetDataOutputMkvTagNameWithPathFileWrite on testGetDataOutputMkvTagNameWithPathFileWrite(com.amazonaws.kinesisvideo.parser.mkv.StreamingMkvReaderTest)" classname="com.amazonaws.kinesisvideo.parser.mkv.StreamingMkvReaderTest" time="0.021"/>
  <testcase name="testClustersMkvAllElementsWithoutPath on testClustersMkvAllElementsWithoutPath(com.amazonaws.kinesisvideo.parser.mkv.StreamingMkvReaderTest)" classname="com.amazonaws.kinesisvideo.parser.mkv.StreamingMkvReaderTest" time="0.006"/>
  <testcase name="testGetDataOutputMkvAllElementsWithPath on testGetDataOutputMkvAllElementsWithPath(com.amazonaws.kinesisvideo.parser.mkv.StreamingMkvReaderTest)" classname="com.amazonaws.kinesisvideo.parser.mkv.StreamingMkvReaderTest" time="0.01"/>
  <testcase name="testClustersMkvIdAndOffset on testClustersMkvIdAndOffset(com.amazonaws.kinesisvideo.parser.mkv.StreamingMkvReaderTest)" classname="com.amazonaws.kinesisvideo.parser.mkv.StreamingMkvReaderTest" time="0.008"/>
  <testcase name="testClustersMkvAllElementsWithPath on testClustersMkvAllElementsWithPath(com.amazonaws.kinesisvideo.parser.mkv.StreamingMkvReaderTest)" classname="com.amazonaws.kinesisvideo.parser.mkv.StreamingMkvReaderTest" time="0.006"/>
  <testcase name="testClustersMkvSimpleBlockWithPath on testClustersMkvSimpleBlockWithPath(com.amazonaws.kinesisvideo.parser.mkv.StreamingMkvReaderTest)" classname="com.amazonaws.kinesisvideo.parser.mkv.StreamingMkvReaderTest" time="0.006"/>
  <testcase name="testGetDataOutputMkvTagNameWithPath on testGetDataOutputMkvTagNameWithPath(com.amazonaws.kinesisvideo.parser.mkv.StreamingMkvReaderTest)" classname="com.amazonaws.kinesisvideo.parser.mkv.StreamingMkvReaderTest" time="0.009"/>
  <testcase name="stopWithTimeCodeEqual on stopWithTimeCodeEqual(com.amazonaws.kinesisvideo.parser.utilities.OutputSegmentMergerTest)" classname="com.amazonaws.kinesisvideo.parser.utilities.OutputSegmentMergerTest" time="0.009"/>
  <testcase name="basicTest on basicTest(com.amazonaws.kinesisvideo.parser.utilities.OutputSegmentMergerTest)" classname="com.amazonaws.kinesisvideo.parser.utilities.OutputSegmentMergerTest" time="0.006"/>
  <testcase name="mergeTracksAndEBML on mergeTracksAndEBML(com.amazonaws.kinesisvideo.parser.utilities.OutputSegmentMergerTest)" classname="com.amazonaws.kinesisvideo.parser.utilities.OutputSegmentMergerTest" time="0.018"/>
  <testcase name="mergeWithTimeCodeBackwards on mergeWithTimeCodeBackwards(com.amazonaws.kinesisvideo.parser.utilities.OutputSegmentMergerTest)" classname="com.amazonaws.kinesisvideo.parser.utilities.OutputSegmentMergerTest" time="0.015"/>
  <testcase name="mergeTracks on mergeTracks(com.amazonaws.kinesisvideo.parser.utilities.OutputSegmentMergerTest)" classname="com.amazonaws.kinesisvideo.parser.utilities.OutputSegmentMergerTest" time="0.019"/>
  <testcase name="perfTest on perfTest(com.amazonaws.kinesisvideo.parser.utilities.OutputSegmentMergerTest)" classname="com.amazonaws.kinesisvideo.parser.utilities.OutputSegmentMergerTest" time="0.0">
    <skipped/>
  </testcase>
  <testcase name="packClustersWithSparseData on packClustersWithSparseData(com.amazonaws.kinesisvideo.parser.utilities.OutputSegmentMergerTest)" classname="com.amazonaws.kinesisvideo.parser.utilities.OutputSegmentMergerTest" time="0.021"/>
  <testcase name="mergeEBMLHeaders on mergeEBMLHeaders(com.amazonaws.kinesisvideo.parser.utilities.OutputSegmentMergerTest)" classname="com.amazonaws.kinesisvideo.parser.utilities.OutputSegmentMergerTest" time="0.017"/>
  <testcase name="mergeWithStopAfterFirstSegment on mergeWithStopAfterFirstSegment(com.amazonaws.kinesisvideo.parser.utilities.OutputSegmentMergerTest)" classname="com.amazonaws.kinesisvideo.parser.utilities.OutputSegmentMergerTest" time="0.007"/>
  <testcase name="stopWithTimeCodeBackwards on stopWithTimeCodeBackwards(com.amazonaws.kinesisvideo.parser.utilities.OutputSegmentMergerTest)" classname="com.amazonaws.kinesisvideo.parser.utilities.OutputSegmentMergerTest" time="0.008"/>
  <testcase name="basicTest on basicTest(com.amazonaws.kinesisvideo.parser.utilities.FragmentMetadataVisitorTest)" classname="com.amazonaws.kinesisvideo.parser.utilities.FragmentMetadataVisitorTest" time="0.012"/>
  <testcase name="withOutputSegmentMergerTest on withOutputSegmentMergerTest(com.amazonaws.kinesisvideo.parser.utilities.FragmentMetadataVisitorTest)" classname="com.amazonaws.kinesisvideo.parser.utilities.FragmentMetadataVisitorTest" time="0.012"/>
  <testcase name="testFragmentMetadata_NoFragementMetadata_withMkv on testFragmentMetadata_NoFragementMetadata_withMkv(com.amazonaws.kinesisvideo.parser.utilities.FragmentMetadataVisitorTest)" classname="com.amazonaws.kinesisvideo.parser.utilities.FragmentMetadataVisitorTest" time="0.006"/>
  <testcase name="testFragmentNumbers_NoClusterData on testFragmentNumbers_NoClusterData(com.amazonaws.kinesisvideo.parser.utilities.FragmentMetadataVisitorTest)" classname="com.amazonaws.kinesisvideo.parser.utilities.FragmentMetadataVisitorTest" time="0.001"/>
  <testcase name="testMkvTags_NoCluster on testMkvTags_NoCluster(com.amazonaws.kinesisvideo.parser.utilities.FragmentMetadataVisitorTest)" classname="com.amazonaws.kinesisvideo.parser.utilities.FragmentMetadataVisitorTest" time="0.001"/>
  <testcase name="testMkvTags_MixedCluster on testMkvTags_MixedCluster(com.amazonaws.kinesisvideo.parser.utilities.FragmentMetadataVisitorTest)" classname="com.amazonaws.kinesisvideo.parser.utilities.FragmentMetadataVisitorTest" time="0.011"/>
  <testcase name="basicTest on basicTest(com.amazonaws.kinesisvideo.parser.mkv.ElementSizeAndOffsetVisitorTest)" classname="com.amazonaws.kinesisvideo.parser.mkv.ElementSizeAndOffsetVisitorTest" time="0.008"/>
</testsuite>