<?xml version="1.0" encoding="UTF-8"?>
<!-- Generated by org.testng.reporters.JUnitXMLReporter -->
<testsuite hostname="3c063003d46e" failures="0" tests="67" name="Surefire test" time="11.03" errors="0" timestamp="21 Sep 2023 02:23:32 GMT">
  <testcase classname="com.amazonaws.kinesisvideo.parser.ebml.EBMLParserTest" name="testMasterElementOneChildElementSizeBasedTermination on testMasterElementOneChildElementSizeBasedTermination(com.amazonaws.kinesisvideo.parser.ebml.EBMLParserTest)" time="0.193"/>
  <testcase classname="com.amazonaws.kinesisvideo.parser.ebml.EBMLParserTest" name="testWithMultipleMasterElementsAndChildElements on testWithMultipleMasterElementsAndChildElements(com.amazonaws.kinesisvideo.parser.ebml.EBMLParserTest)" time="0.002"/>
  <testcase classname="com.amazonaws.kinesisvideo.parser.ebml.EBMLParserTest" name="testEBMLElementInThreeSteps on testEBMLElementInThreeSteps(com.amazonaws.kinesisvideo.parser.ebml.EBMLParserTest)" time="0.0"/>
  <testcase classname="com.amazonaws.kinesisvideo.parser.ebml.EBMLParserTest" name="testMasterElementWithUnknownLengthAndEndOfStream on testMasterElementWithUnknownLengthAndEndOfStream(com.amazonaws.kinesisvideo.parser.ebml.EBMLParserTest)" time="0.001"/>
  <testcase classname="com.amazonaws.kinesisvideo.parser.ebml.EBMLParserTest" name="testEBMLElementInOneStep on testEBMLElementInOneStep(com.amazonaws.kinesisvideo.parser.ebml.EBMLParserTest)" time="0.0"/>
  <testcase classname="com.amazonaws.kinesisvideo.parser.ebml.EBMLParserTest" name="testMasterElementOneChildElementUnknownLength on testMasterElementOneChildElementUnknownLength(com.amazonaws.kinesisvideo.parser.ebml.EBMLParserTest)" time="0.0"/>
  <testcase classname="com.amazonaws.kinesisvideo.parser.ebml.EBMLParserTest" name="testMasterElementOneChildElementUnknownLengthMultipleChunks on testMasterElementOneChildElementUnknownLengthMultipleChunks(com.amazonaws.kinesisvideo.parser.ebml.EBMLParserTest)" time="0.0"/>
  <testcase classname="com.amazonaws.kinesisvideo.parser.ebml.EBMLParserTest" name="testMasterElementOneChildElementSizeBasedTerminationMultipleChunks on testMasterElementOneChildElementSizeBasedTerminationMultipleChunks(com.amazonaws.kinesisvideo.parser.ebml.EBMLParserTest)" time="0.0"/>
  <testcase classname="com.amazonaws.kinesisvideo.parser.ebml.EBMLParserTest" name="unknownElementsTest on unknownElementsTest(com.amazonaws.kinesisvideo.parser.ebml.EBMLParserTest)" time="0.0"/>
  <testcase classname="com.amazonaws.kinesisvideo.parser.ebml.EBMLParserTest" name="testInputStreamReturningEoF on testInputStreamReturningEoF(com.amazonaws.kinesisvideo.parser.ebml.EBMLParserTest)" time="0.001"/>
  <testcase classname="com.amazonaws.kinesisvideo.parser.examples.KinesisVideoRekognitionIntegrationExampleTest" name="testExample on testExample(com.amazonaws.kinesisvideo.parser.examples.KinesisVideoRekognitionIntegrationExampleTest)" time="0.0">
    <skipped/>
  </testcase> <!-- testExample on testExample(com.amazonaws.kinesisvideo.parser.examples.KinesisVideoRekognitionIntegrationExampleTest) -->
  <testcase classname="com.amazonaws.kinesisvideo.parser.examples.KinesisVideoRendererExampleTest" name="testDifferentResolution on testDifferentResolution(com.amazonaws.kinesisvideo.parser.examples.KinesisVideoRendererExampleTest)" time="0.0">
    <skipped/>
  </testcase> <!-- testDifferentResolution on testDifferentResolution(com.amazonaws.kinesisvideo.parser.examples.KinesisVideoRendererExampleTest) -->
  <testcase classname="com.amazonaws.kinesisvideo.parser.examples.KinesisVideoRendererExampleTest" name="testExample on testExample(com.amazonaws.kinesisvideo.parser.examples.KinesisVideoRendererExampleTest)" time="0.0">
    <skipped/>
  </testcase> <!-- testExample on testExample(com.amazonaws.kinesisvideo.parser.examples.KinesisVideoRendererExampleTest) -->
  <testcase classname="com.amazonaws.kinesisvideo.parser.examples.KinesisVideoRendererExampleTest" name="testConsumerExample on testConsumerExample(com.amazonaws.kinesisvideo.parser.examples.KinesisVideoRendererExampleTest)" time="0.0">
    <skipped/>
  </testcase> <!-- testConsumerExample on testConsumerExample(com.amazonaws.kinesisvideo.parser.examples.KinesisVideoRendererExampleTest) -->
  <testcase classname="com.amazonaws.kinesisvideo.parser.mkv.MkvValueTest" name="integerTest on integerTest(com.amazonaws.kinesisvideo.parser.mkv.MkvValueTest)" time="0.0"/>
  <testcase classname="com.amazonaws.kinesisvideo.parser.mkv.MkvValueTest" name="byteBufferTest on byteBufferTest(com.amazonaws.kinesisvideo.parser.mkv.MkvValueTest)" time="0.0"/>
  <testcase classname="com.amazonaws.kinesisvideo.parser.examples.KinesisVideoExampleTest" name="testExample on testExample(com.amazonaws.kinesisvideo.parser.examples.KinesisVideoExampleTest)" time="0.0">
    <skipped/>
  </testcase> <!-- testExample on testExample(com.amazonaws.kinesisvideo.parser.examples.KinesisVideoExampleTest) -->
  <testcase classname="com.amazonaws.kinesisvideo.parser.examples.KinesisVideoExampleTest" name="testConsumerExample on testConsumerExample(com.amazonaws.kinesisvideo.parser.examples.KinesisVideoExampleTest)" time="0.0">
    <skipped/>
  </testcase> <!-- testConsumerExample on testConsumerExample(com.amazonaws.kinesisvideo.parser.examples.KinesisVideoExampleTest) -->
  <testcase classname="com.amazonaws.kinesisvideo.parser.utilities.FrameVisitorTest" name="testForAudioFrames on testForAudioFrames(com.amazonaws.kinesisvideo.parser.utilities.FrameVisitorTest)" time="0.06"/>
  <testcase classname="com.amazonaws.kinesisvideo.parser.utilities.FrameVisitorTest" name="testWithMkvVideo on testWithMkvVideo(com.amazonaws.kinesisvideo.parser.utilities.FrameVisitorTest)" time="0.029"/>
  <testcase classname="com.amazonaws.kinesisvideo.parser.utilities.FrameVisitorTest" name="testForVideoFrames on testForVideoFrames(com.amazonaws.kinesisvideo.parser.utilities.FrameVisitorTest)" time="0.028"/>
  <testcase classname="com.amazonaws.kinesisvideo.parser.ebml.EBMLUtilsTest" name="readUnsignedIntegerSevenBytesOrLessTwoBytes on readUnsignedIntegerSevenBytesOrLessTwoBytes(com.amazonaws.kinesisvideo.parser.ebml.EBMLUtilsTest)" time="0.0"/>
  <testcase classname="com.amazonaws.kinesisvideo.parser.ebml.EBMLUtilsTest" name="readUnsignedInteger on readUnsignedInteger(com.amazonaws.kinesisvideo.parser.ebml.EBMLUtilsTest)" time="0.001"/>
  <testcase classname="com.amazonaws.kinesisvideo.parser.ebml.EBMLUtilsTest" name="readPositiveSignedInteger1byte on readPositiveSignedInteger1byte(com.amazonaws.kinesisvideo.parser.ebml.EBMLUtilsTest)" time="0.0"/>
  <testcase classname="com.amazonaws.kinesisvideo.parser.ebml.EBMLUtilsTest" name="readSignedInteger1byte on readSignedInteger1byte(com.amazonaws.kinesisvideo.parser.ebml.EBMLUtilsTest)" time="0.0"/>
  <testcase classname="com.amazonaws.kinesisvideo.parser.ebml.EBMLUtilsTest" name="readSignedInteger2bytes on readSignedInteger2bytes(com.amazonaws.kinesisvideo.parser.ebml.EBMLUtilsTest)" time="0.0"/>
  <testcase classname="com.amazonaws.kinesisvideo.parser.ebml.EBMLUtilsTest" name="readSignedInteger7bytes on readSignedInteger7bytes(com.amazonaws.kinesisvideo.parser.ebml.EBMLUtilsTest)" time="0.0"/>
  <testcase classname="com.amazonaws.kinesisvideo.parser.ebml.EBMLUtilsTest" name="readSignedInteger8bytes on readSignedInteger8bytes(com.amazonaws.kinesisvideo.parser.ebml.EBMLUtilsTest)" time="0.0"/>
  <testcase classname="com.amazonaws.kinesisvideo.parser.utilities.H264FrameDecoderTest" name="frameDecodeCountTest on frameDecodeCountTest(com.amazonaws.kinesisvideo.parser.utilities.H264FrameDecoderTest)" time="2.508"/>
  <testcase classname="com.amazonaws.kinesisvideo.parser.utilities.H264FrameDecoderTest" name="frameDecodeForDifferentResolution on frameDecodeForDifferentResolution(com.amazonaws.kinesisvideo.parser.utilities.H264FrameDecoderTest)" time="3.016"/>
  <testcase classname="com.amazonaws.kinesisvideo.parser.utilities.consumer.MergedOutputPiperTest" name="testGStreamerFileSinkWithFactory on testGStreamerFileSinkWithFactory(com.amazonaws.kinesisvideo.parser.utilities.consumer.MergedOutputPiperTest)" time="0.002"/>
  <testcase classname="com.amazonaws.kinesisvideo.parser.utilities.consumer.MergedOutputPiperTest" name="testBasic on testBasic(com.amazonaws.kinesisvideo.parser.utilities.consumer.MergedOutputPiperTest)" time="0.042"/>
  <testcase classname="com.amazonaws.kinesisvideo.parser.utilities.consumer.MergedOutputPiperTest" name="testBasicNonIncreasingTimecode on testBasicNonIncreasingTimecode(com.amazonaws.kinesisvideo.parser.utilities.consumer.MergedOutputPiperTest)" time="0.017"/>
  <testcase classname="com.amazonaws.kinesisvideo.parser.utilities.consumer.MergedOutputPiperTest" name="testGStreamerFileSink on testGStreamerFileSink(com.amazonaws.kinesisvideo.parser.utilities.consumer.MergedOutputPiperTest)" time="0.001"/>
  <testcase classname="com.amazonaws.kinesisvideo.parser.utilities.consumer.MergedOutputPiperTest" name="testGStreamerVideoSink on testGStreamerVideoSink(com.amazonaws.kinesisvideo.parser.utilities.consumer.MergedOutputPiperTest)" time="0.0">
    <skipped/>
  </testcase> <!-- testGStreamerVideoSink on testGStreamerVideoSink(com.amazonaws.kinesisvideo.parser.utilities.consumer.MergedOutputPiperTest) -->
  <testcase classname="com.amazonaws.kinesisvideo.parser.examples.KinesisVideoGStreamerPiperExampleTest" name="testExample on testExample(com.amazonaws.kinesisvideo.parser.examples.KinesisVideoGStreamerPiperExampleTest)" time="0.0">
    <skipped/>
  </testcase> <!-- testExample on testExample(com.amazonaws.kinesisvideo.parser.examples.KinesisVideoGStreamerPiperExampleTest) -->
  <testcase classname="com.amazonaws.kinesisvideo.parser.mkv.visitors.CopyVisitorTest" name="testTwoCopiesAtOnceGetMediaOutput on testTwoCopiesAtOnceGetMediaOutput(com.amazonaws.kinesisvideo.parser.mkv.visitors.CopyVisitorTest)" time="0.02"/>
  <testcase classname="com.amazonaws.kinesisvideo.parser.mkv.visitors.CopyVisitorTest" name="testTwoCopiesAtOnce on testTwoCopiesAtOnce(com.amazonaws.kinesisvideo.parser.mkv.visitors.CopyVisitorTest)" time="0.011"/>
  <testcase classname="com.amazonaws.kinesisvideo.parser.mkv.visitors.CopyVisitorTest" name="testOneCopy on testOneCopy(com.amazonaws.kinesisvideo.parser.mkv.visitors.CopyVisitorTest)" time="0.013"/>
  <testcase classname="com.amazonaws.kinesisvideo.parser.mkv.visitors.CopyVisitorTest" name="testOneCopyGetMediaOutput on testOneCopyGetMediaOutput(com.amazonaws.kinesisvideo.parser.mkv.visitors.CopyVisitorTest)" time="0.014"/>
  <testcase classname="com.amazonaws.kinesisvideo.parser.utilities.FrameRendererTest" name="frameCountTest on frameCountTest(com.amazonaws.kinesisvideo.parser.utilities.FrameRendererTest)" time="3.167"/>
  <testcase classname="com.amazonaws.kinesisvideo.parser.utilities.FrameRendererTest" name="frameCountTest2 on frameCountTest2(com.amazonaws.kinesisvideo.parser.utilities.FrameRendererTest)" time="1.587"/>
  <testcase classname="com.amazonaws.kinesisvideo.parser.mkv.EBMLParserForMkvTypeInfosTest" name="testClustersMkv on testClustersMkv(com.amazonaws.kinesisvideo.parser.mkv.EBMLParserForMkvTypeInfosTest)" time="0.008"/>
  <testcase classname="com.amazonaws.kinesisvideo.parser.mkv.StreamingMkvReaderTest" name="testGetDataOutputMkvTagNameWithPathFileWrite on testGetDataOutputMkvTagNameWithPathFileWrite(com.amazonaws.kinesisvideo.parser.mkv.StreamingMkvReaderTest)" time="0.02"/>
  <testcase classname="com.amazonaws.kinesisvideo.parser.mkv.StreamingMkvReaderTest" name="testClustersMkvAllElementsWithoutPath on testClustersMkvAllElementsWithoutPath(com.amazonaws.kinesisvideo.parser.mkv.StreamingMkvReaderTest)" time="0.006"/>
  <testcase classname="com.amazonaws.kinesisvideo.parser.mkv.StreamingMkvReaderTest" name="testGetDataOutputMkvAllElementsWithPath on testGetDataOutputMkvAllElementsWithPath(com.amazonaws.kinesisvideo.parser.mkv.StreamingMkvReaderTest)" time="0.009"/>
  <testcase classname="com.amazonaws.kinesisvideo.parser.mkv.StreamingMkvReaderTest" name="testClustersMkvIdAndOffset on testClustersMkvIdAndOffset(com.amazonaws.kinesisvideo.parser.mkv.StreamingMkvReaderTest)" time="0.008"/>
  <testcase classname="com.amazonaws.kinesisvideo.parser.mkv.StreamingMkvReaderTest" name="testClustersMkvAllElementsWithPath on testClustersMkvAllElementsWithPath(com.amazonaws.kinesisvideo.parser.mkv.StreamingMkvReaderTest)" time="0.006"/>
  <testcase classname="com.amazonaws.kinesisvideo.parser.mkv.StreamingMkvReaderTest" name="testClustersMkvSimpleBlockWithPath on testClustersMkvSimpleBlockWithPath(com.amazonaws.kinesisvideo.parser.mkv.StreamingMkvReaderTest)" time="0.006"/>
  <testcase classname="com.amazonaws.kinesisvideo.parser.mkv.StreamingMkvReaderTest" name="testGetDataOutputMkvTagNameWithPath on testGetDataOutputMkvTagNameWithPath(com.amazonaws.kinesisvideo.parser.mkv.StreamingMkvReaderTest)" time="0.009"/>
  <testcase classname="com.amazonaws.kinesisvideo.parser.utilities.OutputSegmentMergerTest" name="stopWithTimeCodeEqual on stopWithTimeCodeEqual(com.amazonaws.kinesisvideo.parser.utilities.OutputSegmentMergerTest)" time="0.009"/>
  <testcase classname="com.amazonaws.kinesisvideo.parser.utilities.OutputSegmentMergerTest" name="basicTest on basicTest(com.amazonaws.kinesisvideo.parser.utilities.OutputSegmentMergerTest)" time="0.006"/>
  <testcase classname="com.amazonaws.kinesisvideo.parser.utilities.OutputSegmentMergerTest" name="mergeTracksAndEBML on mergeTracksAndEBML(com.amazonaws.kinesisvideo.parser.utilities.OutputSegmentMergerTest)" time="0.017"/>
  <testcase classname="com.amazonaws.kinesisvideo.parser.utilities.OutputSegmentMergerTest" name="mergeWithTimeCodeBackwards on mergeWithTimeCodeBackwards(com.amazonaws.kinesisvideo.parser.utilities.OutputSegmentMergerTest)" time="0.015"/>
  <testcase classname="com.amazonaws.kinesisvideo.parser.utilities.OutputSegmentMergerTest" name="mergeTracks on mergeTracks(com.amazonaws.kinesisvideo.parser.utilities.OutputSegmentMergerTest)" time="0.019"/>
  <testcase classname="com.amazonaws.kinesisvideo.parser.utilities.OutputSegmentMergerTest" name="perfTest on perfTest(com.amazonaws.kinesisvideo.parser.utilities.OutputSegmentMergerTest)" time="0.0">
    <skipped/>
  </testcase> <!-- perfTest on perfTest(com.amazonaws.kinesisvideo.parser.utilities.OutputSegmentMergerTest) -->
  <testcase classname="com.amazonaws.kinesisvideo.parser.utilities.OutputSegmentMergerTest" name="packClustersWithSparseData on packClustersWithSparseData(com.amazonaws.kinesisvideo.parser.utilities.OutputSegmentMergerTest)" time="0.022"/>
  <testcase classname="com.amazonaws.kinesisvideo.parser.utilities.OutputSegmentMergerTest" name="mergeEBMLHeaders on mergeEBMLHeaders(com.amazonaws.kinesisvideo.parser.utilities.OutputSegmentMergerTest)" time="0.017"/>
  <testcase classname="com.amazonaws.kinesisvideo.parser.utilities.OutputSegmentMergerTest" name="mergeWithStopAfterFirstSegment on mergeWithStopAfterFirstSegment(com.amazonaws.kinesisvideo.parser.utilities.OutputSegmentMergerTest)" time="0.007"/>
  <testcase classname="com.amazonaws.kinesisvideo.parser.utilities.OutputSegmentMergerTest" name="stopWithTimeCodeBackwards on stopWithTimeCodeBackwards(com.amazonaws.kinesisvideo.parser.utilities.OutputSegmentMergerTest)" time="0.008"/>
  <testcase classname="com.amazonaws.kinesisvideo.parser.utilities.FragmentMetadataVisitorTest" name="basicTest on basicTest(com.amazonaws.kinesisvideo.parser.utilities.FragmentMetadataVisitorTest)" time="0.012"/>
  <testcase classname="com.amazonaws.kinesisvideo.parser.utilities.FragmentMetadataVisitorTest" name="withOutputSegmentMergerTest on withOutputSegmentMergerTest(com.amazonaws.kinesisvideo.parser.utilities.FragmentMetadataVisitorTest)" time="0.012"/>
  <testcase classname="com.amazonaws.kinesisvideo.parser.utilities.FragmentMetadataVisitorTest" name="testFragmentMetadata_NoFragementMetadata_withMkv on testFragmentMetadata_NoFragementMetadata_withMkv(com.amazonaws.kinesisvideo.parser.utilities.FragmentMetadataVisitorTest)" time="0.006"/>
  <testcase classname="com.amazonaws.kinesisvideo.parser.utilities.FragmentMetadataVisitorTest" name="testFragmentNumbers_NoClusterData on testFragmentNumbers_NoClusterData(com.amazonaws.kinesisvideo.parser.utilities.FragmentMetadataVisitorTest)" time="0.002"/>
  <testcase classname="com.amazonaws.kinesisvideo.parser.utilities.FragmentMetadataVisitorTest" name="testMkvTags_NoCluster on testMkvTags_NoCluster(com.amazonaws.kinesisvideo.parser.utilities.FragmentMetadataVisitorTest)" time="0.001"/>
  <testcase classname="com.amazonaws.kinesisvideo.parser.utilities.FragmentMetadataVisitorTest" name="testMkvTags_MixedCluster on testMkvTags_MixedCluster(com.amazonaws.kinesisvideo.parser.utilities.FragmentMetadataVisitorTest)" time="0.011"/>
  <testcase classname="com.amazonaws.kinesisvideo.parser.mkv.ElementSizeAndOffsetVisitorTest" name="basicTest on basicTest(com.amazonaws.kinesisvideo.parser.mkv.ElementSizeAndOffsetVisitorTest)" time="0.008"/>
</testsuite> <!-- Surefire test -->
